120607  8:13:55 [Note] Plugin 'FEDERATED' is disabled.
120607  8:13:55 InnoDB: The InnoDB memory heap is disabled
120607  8:13:55 InnoDB: Mutexes and rw_locks use Windows interlocked functions
120607  8:13:55 InnoDB: Compressed tables use zlib 1.2.3
120607  8:13:55 InnoDB: Initializing buffer pool, size = 128.0M
120607  8:13:55 InnoDB: Completed initialization of buffer pool
120607  8:13:55 InnoDB: highest supported file format is Barracuda.
120607  8:13:56  InnoDB: Waiting for the background threads to start
120607  8:13:57 InnoDB: 1.1.5 started; log sequence number 1595685
120607  8:13:57 [Note] Event Scheduler: Loaded 0 events
120607  8:13:57 [Note] mysqld.exe: ready for connections.
Version: '5.5.9'  socket: ''  port: 3306  MySQL Community Server (GPL)
120613  0:40:31 [Note] Plugin 'FEDERATED' is disabled.
120613  0:40:31 InnoDB: The InnoDB memory heap is disabled
120613  0:40:31 InnoDB: Mutexes and rw_locks use Windows interlocked functions
120613  0:40:31 InnoDB: Compressed tables use zlib 1.2.3
120613  0:40:31 InnoDB: Initializing buffer pool, size = 128.0M
120613  0:40:31 InnoDB: Completed initialization of buffer pool
120613  0:40:31 InnoDB: highest supported file format is Barracuda.
InnoDB: The log sequence number in ibdata files does not match
InnoDB: the log sequence number in the ib_logfiles!
120613  0:40:31  InnoDB: Database was not shut down normally!
InnoDB: Starting crash recovery.
InnoDB: Reading tablespace information from the .ibd files...
InnoDB: Restoring possible half-written data pages from the doublewrite
InnoDB: buffer...
InnoDB: Last MySQL binlog file position 0 42021, file name .\mysql-bin.000018
120613  0:40:31  InnoDB: Waiting for the background threads to start
120613  0:40:32 InnoDB: 1.1.5 started; log sequence number 8009202
120613  0:40:32 [Note] Recovering after a crash using mysql-bin
120613  0:40:32 [Note] Starting crash recovery...
120613  0:40:32 [Note] Crash recovery finished.
120613  0:40:33 [Note] Event Scheduler: Loaded 0 events
120613  0:40:33 [Note] mysql\bin\mysqld.exe: ready for connections.
Version: '5.5.9-log'  socket: ''  port: 3307  MySQL Community Server (GPL)
